<?xml version="1.0" encoding="UTF-8"?>
<testng-results ignored="0" total="6" passed="6" failed="0" skipped="0">
  <reporter-output>
  </reporter-output>
  <suite started-at="2024-02-12T14:38:26 IST" name="Default suite" finished-at="2024-02-12T14:39:24 IST" duration-ms="57672">
    <groups>
    </groups>
    <test started-at="2024-02-12T14:38:26 IST" name="Default test" finished-at="2024-02-12T14:39:24 IST" duration-ms="57672">
      <class name="SL_Suite.LoginPageTest">
        <test-method is-config="true" signature="basicUrlRun()[pri:0, instance:SL_Suite.LoginPageTest@342c38f8]" started-at="2024-02-12T14:38:26 IST" name="basicUrlRun" finished-at="2024-02-12T14:38:34 IST" duration-ms="7923" status="PASS">
          <reporter-output>
          </reporter-output>
        </test-method> <!-- basicUrlRun -->
        <test-method signature="invalidCredentialCheck()[pri:0, instance:SL_Suite.LoginPageTest@342c38f8]" started-at="2024-02-12T14:38:34 IST" name="invalidCredentialCheck" description="Test_02 Invalid credential" finished-at="2024-02-12T14:38:41 IST" duration-ms="6585" status="PASS">
          <reporter-output>
          </reporter-output>
        </test-method> <!-- invalidCredentialCheck -->
        <test-method is-config="true" signature="clickLoginButton()[pri:0, instance:SL_Suite.LoginPageTest@342c38f8]" started-at="2024-02-12T14:38:41 IST" name="clickLoginButton" finished-at="2024-02-12T14:38:41 IST" duration-ms="559" status="PASS">
          <reporter-output>
          </reporter-output>
        </test-method> <!-- clickLoginButton -->
        <test-method is-config="true" signature="basicUrlRun()[pri:0, instance:SL_Suite.LoginPageTest@342c38f8]" started-at="2024-02-12T14:38:41 IST" name="basicUrlRun" finished-at="2024-02-12T14:38:46 IST" duration-ms="5240" status="PASS">
          <reporter-output>
          </reporter-output>
        </test-method> <!-- basicUrlRun -->
        <test-method signature="validCheck()[pri:0, instance:SL_Suite.LoginPageTest@342c38f8]" started-at="2024-02-12T14:38:46 IST" name="validCheck" description="Test_03 valid credential" finished-at="2024-02-12T14:38:51 IST" duration-ms="4498" status="PASS">
          <reporter-output>
          </reporter-output>
        </test-method> <!-- validCheck -->
        <test-method is-config="true" signature="clickLoginButton()[pri:0, instance:SL_Suite.LoginPageTest@342c38f8]" started-at="2024-02-12T14:38:51 IST" name="clickLoginButton" finished-at="2024-02-12T14:38:51 IST" duration-ms="237" status="PASS">
          <reporter-output>
          </reporter-output>
        </test-method> <!-- clickLoginButton -->
        <test-method is-config="true" signature="basicUrlRun()[pri:0, instance:SL_Suite.LoginPageTest@342c38f8]" started-at="2024-02-12T14:38:51 IST" name="basicUrlRun" finished-at="2024-02-12T14:38:56 IST" duration-ms="5138" status="PASS">
          <reporter-output>
          </reporter-output>
        </test-method> <!-- basicUrlRun -->
        <test-method signature="verifyLoginPageElements()[pri:1, instance:SL_Suite.LoginPageTest@342c38f8]" started-at="2024-02-12T14:38:56 IST" name="verifyLoginPageElements" description="Test_01 Verify login page elements" finished-at="2024-02-12T14:38:57 IST" duration-ms="220" status="PASS">
          <reporter-output>
          </reporter-output>
        </test-method> <!-- verifyLoginPageElements -->
        <test-method is-config="true" signature="clickLoginButton()[pri:0, instance:SL_Suite.LoginPageTest@342c38f8]" started-at="2024-02-12T14:38:57 IST" name="clickLoginButton" finished-at="2024-02-12T14:38:57 IST" duration-ms="224" status="PASS">
          <reporter-output>
          </reporter-output>
        </test-method> <!-- clickLoginButton -->
      </class> <!-- SL_Suite.LoginPageTest -->
      <class name="SL_PageObjects.LoginPageTest">
        <test-method is-config="true" signature="basicUrlRun()[pri:0, instance:SL_PageObjects.LoginPageTest@73e9cf30]" started-at="2024-02-12T14:38:57 IST" name="basicUrlRun" finished-at="2024-02-12T14:39:02 IST" duration-ms="5483" status="PASS">
          <reporter-output>
          </reporter-output>
        </test-method> <!-- basicUrlRun -->
        <test-method signature="invalidCredentialCheck()[pri:0, instance:SL_PageObjects.LoginPageTest@73e9cf30]" started-at="2024-02-12T14:39:02 IST" name="invalidCredentialCheck" description="Test_02 Invalid credential" finished-at="2024-02-12T14:39:09 IST" duration-ms="6357" status="PASS">
          <reporter-output>
          </reporter-output>
        </test-method> <!-- invalidCredentialCheck -->
        <test-method is-config="true" signature="clickLoginButton()[pri:0, instance:SL_PageObjects.LoginPageTest@73e9cf30]" started-at="2024-02-12T14:39:09 IST" name="clickLoginButton" finished-at="2024-02-12T14:39:09 IST" duration-ms="213" status="PASS">
          <reporter-output>
          </reporter-output>
        </test-method> <!-- clickLoginButton -->
        <test-method is-config="true" signature="basicUrlRun()[pri:0, instance:SL_PageObjects.LoginPageTest@73e9cf30]" started-at="2024-02-12T14:39:09 IST" name="basicUrlRun" finished-at="2024-02-12T14:39:14 IST" duration-ms="5010" status="PASS">
          <reporter-output>
          </reporter-output>
        </test-method> <!-- basicUrlRun -->
        <test-method signature="validCheck()[pri:0, instance:SL_PageObjects.LoginPageTest@73e9cf30]" started-at="2024-02-12T14:39:14 IST" name="validCheck" description="Test_03 valid credential" finished-at="2024-02-12T14:39:18 IST" duration-ms="4334" status="PASS">
          <reporter-output>
          </reporter-output>
        </test-method> <!-- validCheck -->
        <test-method is-config="true" signature="clickLoginButton()[pri:0, instance:SL_PageObjects.LoginPageTest@73e9cf30]" started-at="2024-02-12T14:39:18 IST" name="clickLoginButton" finished-at="2024-02-12T14:39:18 IST" duration-ms="225" status="PASS">
          <reporter-output>
          </reporter-output>
        </test-method> <!-- clickLoginButton -->
        <test-method is-config="true" signature="basicUrlRun()[pri:0, instance:SL_PageObjects.LoginPageTest@73e9cf30]" started-at="2024-02-12T14:39:18 IST" name="basicUrlRun" finished-at="2024-02-12T14:39:23 IST" duration-ms="5057" status="PASS">
          <reporter-output>
          </reporter-output>
        </test-method> <!-- basicUrlRun -->
        <test-method signature="verifyLoginPageElements()[pri:1, instance:SL_PageObjects.LoginPageTest@73e9cf30]" started-at="2024-02-12T14:39:23 IST" name="verifyLoginPageElements" description="Test_01 Verify login page elements" finished-at="2024-02-12T14:39:24 IST" duration-ms="132" status="PASS">
          <reporter-output>
          </reporter-output>
        </test-method> <!-- verifyLoginPageElements -->
        <test-method is-config="true" signature="clickLoginButton()[pri:0, instance:SL_PageObjects.LoginPageTest@73e9cf30]" started-at="2024-02-12T14:39:24 IST" name="clickLoginButton" finished-at="2024-02-12T14:39:24 IST" duration-ms="185" status="PASS">
          <reporter-output>
          </reporter-output>
        </test-method> <!-- clickLoginButton -->
      </class> <!-- SL_PageObjects.LoginPageTest -->
    </test> <!-- Default test -->
  </suite> <!-- Default suite -->
</testng-results>
