<?xml version="1.0" encoding="UTF-8"?>
<!-- Generated by org.testng.reporters.JUnitXMLReporter -->
<testsuite ignored="0" hostname="P-142" failures="0" tests="6" name="Default test" time="57.672" errors="0" timestamp="2024-02-12T14:39:24 IST">
  <testcase classname="SL_Suite.LoginPageTest" name="invalidCredentialCheck" time="6.585"/>
  <testcase classname="SL_Suite.LoginPageTest" name="validCheck" time="4.498"/>
  <testcase classname="SL_Suite.LoginPageTest" name="verifyLoginPageElements" time="0.22"/>
  <testcase classname="SL_PageObjects.LoginPageTest" name="invalidCredentialCheck" time="6.357"/>
  <testcase classname="SL_PageObjects.LoginPageTest" name="validCheck" time="4.334"/>
  <testcase classname="SL_PageObjects.LoginPageTest" name="verifyLoginPageElements" time="0.132"/>
</testsuite> <!-- Default test -->
